<?xml version="1.0" encoding="UTF-8"?>
<!-- Generated by org.testng.reporters.JUnitXMLReporter -->
<testsuite hostname="DESKTOP-PFVFBDF" name="Surefire test" tests="2" failures="1" timestamp="23 Mar 2016 17:50:34 GMT" time="0.102" errors="0">
  <testcase name="add" time="0.061" classname="com.dukescript.demoapp.DataModelTest">
    <failure type="java.lang.ExceptionInInitializerError">
      <![CDATA[java.lang.ExceptionInInitializerError
	at com.dukescript.demoapp.Data.isSaveEnabled(Data.java:10)
	at com.dukescript.demoapp.Data.setSaveName(Data.java:43)
	at com.dukescript.demoapp.DataModelTest.add(DataModelTest.java:11)
Caused by: java.lang.IllegalStateException: No presenter active. Use BrwsrCtx.execute!
	at com.dukescript.impl.canvas.HTML5GraphicsEnvironment.getImpl(HTML5GraphicsEnvironment.java)
	at com.dukescript.impl.canvas.HTML5GraphicsEnvironment.getOrCreateCanvas(HTML5GraphicsEnvironment.java:48)
	at com.dukescript.api.canvas.GraphicsContext2D.createContext(GraphicsContext2D.java:87)
	at com.dukescript.api.canvas.GraphicsContext2D.getOrCreate(GraphicsContext2D.java:83)
	at com.dukescript.demoapp.DataModel.<clinit>(DataModel.java:115)
	... 31 more
... Removed 28 stack frames]]>
    </failure>
  </testcase> <!-- add -->
  <testcase name="enableDisableTest" time="0.0" classname="com.dukescript.demoapp.DataModelTest"/>
</testsuite> <!-- Surefire test -->
