<?xml version="1.0" encoding="UTF-8"?>
<!-- Generated by org.testng.reporters.JUnitXMLReporter -->
<testsuite hostname="DESKTOP-PFVFBDF" name="Surefire test" tests="3" failures="0" timestamp="21 Mar 2016 21:49:53 GMT" time="0.098" errors="0">
  <testcase name="add" time="0.071" classname="com.dukescript.demoapp.DataModelTest"/>
  <testcase name="connect" time="0.011" classname="com.dukescript.demoapp.DataModelTest"/>
  <testcase name="testUIModelWithoutUI" time="0.002" classname="com.dukescript.demoapp.DataModelTest"/>
</testsuite> <!-- Surefire test -->
