<?xml version="1.0" encoding="UTF-8"?>
<testng-results skipped="0" failed="0" total="1" passed="1">
  <reporter-output>
  </reporter-output>
  <suite name="Surefire suite" duration-ms="1333" started-at="2015-11-02T17:28:45Z" finished-at="2015-11-02T17:28:47Z">
    <groups>
    </groups>
    <test name="Surefire test" duration-ms="1333" started-at="2015-11-02T17:28:45Z" finished-at="2015-11-02T17:28:47Z">
      <class name="com.dukescript.demoapp.js.JsInteractionTest">
        <test-method status="PASS" signature="initializeJSEngine()[pri:0, instance:com.dukescript.demoapp.js.JsInteractionTest@71f2a7d5]" name="initializeJSEngine" is-config="true" duration-ms="1106" started-at="2015-11-02T18:28:45Z" finished-at="2015-11-02T18:28:46Z">
          <reporter-output>
          </reporter-output>
        </test-method> <!-- initializeJSEngine -->
        <test-method status="PASS" signature="testCallbackFromJavaScript()[pri:0, instance:com.dukescript.demoapp.js.JsInteractionTest@71f2a7d5]" name="testCallbackFromJavaScript" duration-ms="212" started-at="2015-11-02T18:28:46Z" finished-at="2015-11-02T18:28:47Z">
          <reporter-output>
          </reporter-output>
        </test-method> <!-- testCallbackFromJavaScript -->
        <test-method status="PASS" signature="shutdownJSEngine()[pri:0, instance:com.dukescript.demoapp.js.JsInteractionTest@71f2a7d5]" name="shutdownJSEngine" is-config="true" duration-ms="0" started-at="2015-11-02T18:28:47Z" finished-at="2015-11-02T18:28:47Z">
          <reporter-output>
          </reporter-output>
        </test-method> <!-- shutdownJSEngine -->
      </class> <!-- com.dukescript.demoapp.js.JsInteractionTest -->
    </test> <!-- Surefire test -->
  </suite> <!-- Surefire suite -->
</testng-results>
