<?xml version="1.0" encoding="UTF-8"?>
<testng-results skipped="0" failed="0" total="1" passed="1">
  <reporter-output>
  </reporter-output>
  <suite name="Surefire suite" duration-ms="64" started-at="2015-11-04T01:32:04Z" finished-at="2015-11-04T01:32:04Z">
    <groups>
    </groups>
    <test name="Surefire test" duration-ms="64" started-at="2015-11-04T01:32:04Z" finished-at="2015-11-04T01:32:04Z">
      <class name="com.dukescript.demoapp.js.JsInteractionTest">
        <test-method status="PASS" signature="initializeJSEngine()[pri:0, instance:com.dukescript.demoapp.js.JsInteractionTest@77b48eeb]" name="initializeJSEngine" is-config="true" duration-ms="39" started-at="2015-11-04T02:32:04Z" finished-at="2015-11-04T02:32:04Z">
          <reporter-output>
          </reporter-output>
        </test-method> <!-- initializeJSEngine -->
        <test-method status="PASS" signature="testCallbackFromJavaScript()[pri:0, instance:com.dukescript.demoapp.js.JsInteractionTest@77b48eeb]" name="testCallbackFromJavaScript" duration-ms="15" started-at="2015-11-04T02:32:04Z" finished-at="2015-11-04T02:32:04Z">
          <reporter-output>
          </reporter-output>
        </test-method> <!-- testCallbackFromJavaScript -->
        <test-method status="PASS" signature="shutdownJSEngine()[pri:0, instance:com.dukescript.demoapp.js.JsInteractionTest@77b48eeb]" name="shutdownJSEngine" is-config="true" duration-ms="1" started-at="2015-11-04T02:32:04Z" finished-at="2015-11-04T02:32:04Z">
          <reporter-output>
          </reporter-output>
        </test-method> <!-- shutdownJSEngine -->
      </class> <!-- com.dukescript.demoapp.js.JsInteractionTest -->
    </test> <!-- Surefire test -->
  </suite> <!-- Surefire suite -->
</testng-results>
